Arguments: 
  /usr/local/Cellar/node/16.6.1/bin/node /usr/local/Cellar/yarn/1.22.10/libexec/bin/yarn.js compile

PATH: 
  /usr/local/opt/ruby/bin:/usr/local/lib/ruby/gems/3.0.0/bin:/Users/giammarco/.poetry/bin:/usr/local/opt/php@7.4/sbin:/usr/local/opt/php@7.4/bin:/usr/local/bin:/usr/bin:/bin:/usr/sbin:/sbin:/usr/local/opt/ruby/bin:/usr/local/lib/ruby/gems/3.0.0/bin:/Users/giammarco/.poetry/bin:/usr/local/opt/php@7.4/sbin:/usr/local/opt/php@7.4/bin

Yarn version: 
  1.22.10

Node version: 
  16.6.1

Platform: 
  darwin x64

Trace: 
  SyntaxError: /Users/giammarco/Desktop/hacks/quoter/package.json: Unexpected token } in JSON at position 554
      at JSON.parse (<anonymous>)
      at /usr/local/Cellar/yarn/1.22.10/libexec/lib/cli.js:1625:59
      at Generator.next (<anonymous>)
      at step (/usr/local/Cellar/yarn/1.22.10/libexec/lib/cli.js:310:30)
      at /usr/local/Cellar/yarn/1.22.10/libexec/lib/cli.js:321:13

npm manifest: 
  {
    "name": "uniswap-quoter",
    "devDependencies": {
      "@nomiclabs/hardhat-ethers": "^2.0.2",
      "@nomiclabs/hardhat-waffle": "^2.0.1",
      "chai": "^4.3.4",
      "ethereum-waffle": "^3.4.0",
      "ethers": "^5.5.1",
      "hardhat": "^2.6.7"
    },
    "chain": "hardhat node --no-deploy --network hardhat",
      "fork": "hardhat node --network hardhat --no-deploy --fork https://eth-mainnet.alchemyapi.io/v2/XLbyCEcaLhQ3x_ZaKBmZqNp8UGgNGX2F",
      "test": "hardhat test --network hardhat",
      "compile": "hardhat compile",
      "deploy": "hardhat deploy"
    }
  }

yarn manifest: 
  No manifest

Lockfile: 
  No lockfile
